2024-10-12T07:13:54.211 INFO MainThread Starting ALP web server
2024-10-12T07:13:54.212 INFO MainThread Starting ALP
2024-10-12T07:13:54.214 INFO ALPMainThread SeestarALP 1: starting
2024-10-12T07:13:54.250 INFO ALPMainThread <AoT [{'name': 'Seestar Alpha', 'ip_address': '192.168.110.30', 'device_num': 1}, {'name': 'Seestar Gamma', 'ip_address': '192.168.110.238', 'device_num': 3}]>
2024-10-12T07:13:54.250 INFO ALPMainThread Initialize the new instance of Seestar federation
2024-10-12T07:13:54.251 INFO ALPMainThread Initialize the new instance of Seestar: 192.168.110.30:4700, name:Seestar Alpha, num:1, is_EQ_mode:True, is_debug:True
2024-10-12T07:13:54.251 INFO ALPMainThread RECONNECTING Seestar Alpha
2024-10-12T07:13:54.317 INFO ALPMainThread Seestar Alpha: Connected
2024-10-12T07:13:54.321 INFO ALPMainThread Initialize new instance of Seestar imager: 192.168.110.30:4800, name:Seestar Alpha
2024-10-12T07:13:54.322 INFO ALPMainThread Initialize new instance of Seestar imager: 192.168.110.30:4801, name:Seestar Alpha
2024-10-12T07:13:54.323 INFO ALPMainThread Initialize the new instance of Seestar: 192.168.110.238:4700, name:Seestar Gamma, num:3, is_EQ_mode:True, is_debug:True
2024-10-12T07:13:54.323 INFO ALPMainThread RECONNECTING Seestar Gamma
2024-10-12T07:13:54.323 INFO ALPReceiveMessageThread.Seestar Alpha Seestar Alpha received : {'Event': 'Version', 'Timestamp': '10258.320978739', 'name': 'ASI AIR imager', 'svr_ver_string': '1.0', 'svr_ver_int': 29, 'firmware_ver_int': 2253, 'firmware_ver_string': '2.53', 'is_verified': True}
2024-10-12T07:13:54.422 INFO ALPMainThread Seestar Gamma: Connected
2024-10-12T07:13:54.426 INFO ALPMainThread Initialize new instance of Seestar imager: 192.168.110.238:4800, name:Seestar Gamma
2024-10-12T07:13:54.427 INFO ALPMainThread Initialize new instance of Seestar imager: 192.168.110.238:4801, name:Seestar Gamma
2024-10-12T07:13:54.428 INFO ALPReceiveMessageThread.Seestar Gamma Seestar Gamma received : {'Event': 'Version', 'Timestamp': '10261.757195987', 'name': 'ASI AIR imager', 'svr_ver_string': '1.0', 'svr_ver_int': 29, 'firmware_ver_int': 2253, 'firmware_ver_string': '2.53', 'is_verified': True}
2024-10-12T07:13:54.457 INFO ALPMainThread ==STARTUP== Serving on 127.0.0.1:5555. Time stamps are UTC.
2024-10-12T07:13:55.214 INFO MainThread Starting Front web server
2024-10-12T07:13:55.215 INFO MainThread Starting Front
2024-10-12T07:13:55.218 INFO FrontMainThread SeestarFront 1: starting
2024-10-12T07:13:55.235 INFO FrontMainThread ==STARTUP== Serving on 127.0.0.1:5432. Time stamps are UTC.
2024-10-12T07:13:55.235 INFO FrontMainThread SSC Started: http://127.0.0.1:5432
2024-10-12T07:13:55.852 INFO FrontMainThread Internet connection detected.
2024-10-12T07:13:56.248 INFO MainThread Setting up imaging web server
2024-10-12T07:13:56.307 INFO MainThread Serving on http://127.0.0.1:7556
2024-10-12T07:14:41.222 INFO FrontMainThread POST scheduled request {'target_name': 'Helix Nebula', 'is_j2000': False, 'ra': '22h29m38.5s', 'dec': '-20d50m13.7s', 'is_use_lp_filter': True, 'session_time_sec': 1000, 'ra_num': 1, 'dec_num': 1, 'panel_overlap_percent': 100, 'selected_panels': '', 'gain': 80, 'is_use_autofocus': False} {'ServerTransactionID': 191, 'ClientTransactionID': 999, 'Value': {'list': [{'action': 'start_mosaic', 'params': {'target_name': 'Helix Nebula', 'is_j2000': False, 'ra': '22h29m38.5s', 'dec': '-20d50m13.7s', 'is_use_lp_filter': True, 'session_time_sec': 1000, 'ra_num': 1, 'dec_num': 1, 'panel_overlap_percent': 100, 'selected_panels': '', 'gain': 80, 'is_use_autofocus': False}, 'id': '53a6c5b6-8ea7-4d97-b6cd-02211ebc70c3'}], 'state': 'stopped', 'schedule_id': '896a99f5-d377-42b5-8ab0-de4f04ef29d1'}, 'ErrorNumber': 0, 'ErrorMessage': ''}
2024-10-12T07:14:41.227 INFO FrontMainThread Twilight times: Cache file exists.
2024-10-12T07:14:41.236 INFO FrontMainThread Twilight times: Cache file out of date, updating cache file.
2024-10-12T07:14:41.248 INFO FrontMainThread Twilight times: Writing cache file.
2024-10-12T07:14:43.841 INFO SchedulerThread.Seestar Alpha Seestar Alpha: playing sound...
2024-10-12T07:14:43.843 INFO SchedulerThread.Seestar Gamma Seestar Gamma: playing sound...
2024-10-12T07:14:45.343 INFO SchedulerThread.Seestar Alpha schedule started ...
2024-10-12T07:14:45.350 INFO SchedulerThread.Seestar Gamma schedule started ...
2024-10-12T07:14:45.507 INFO SchedulerThread.Seestar Gamma received parameters:
2024-10-12T07:14:45.507 INFO SchedulerThread.Seestar Gamma   target        : Helix Nebula
2024-10-12T07:14:45.511 INFO SchedulerThread.Seestar Alpha received parameters:
2024-10-12T07:14:45.511 INFO SchedulerThread.Seestar Gamma   RA            : 22.494027777777777
2024-10-12T07:14:45.511 INFO SchedulerThread.Seestar Alpha   target        : Helix Nebula
2024-10-12T07:14:45.512 INFO SchedulerThread.Seestar Gamma   Dec           : -20.837138888888887
2024-10-12T07:14:45.512 INFO SchedulerThread.Seestar Alpha   RA            : 22.494027777777777
2024-10-12T07:14:45.512 INFO SchedulerThread.Seestar Gamma   use LP filter : True
2024-10-12T07:14:45.513 INFO SchedulerThread.Seestar Gamma   session time  : 1000
2024-10-12T07:14:45.513 INFO SchedulerThread.Seestar Gamma   RA num panels : 1
2024-10-12T07:14:45.513 INFO SchedulerThread.Seestar Gamma   Dec num panels: 1
2024-10-12T07:14:45.512 INFO SchedulerThread.Seestar Alpha   Dec           : -20.837138888888887
2024-10-12T07:14:45.513 INFO SchedulerThread.Seestar Gamma   overlap %     : 100
2024-10-12T07:14:45.513 INFO SchedulerThread.Seestar Alpha   use LP filter : True
2024-10-12T07:14:45.513 INFO SchedulerThread.Seestar Gamma   gain          : 80
2024-10-12T07:14:45.514 INFO SchedulerThread.Seestar Alpha   session time  : 1000
2024-10-12T07:14:45.514 INFO SchedulerThread.Seestar Alpha   RA num panels : 1
2024-10-12T07:14:45.514 INFO SchedulerThread.Seestar Gamma   use autofocus : False
2024-10-12T07:14:45.514 INFO SchedulerThread.Seestar Alpha   Dec num panels: 1
2024-10-12T07:14:45.514 INFO SchedulerThread.Seestar Gamma   select panels : 
2024-10-12T07:14:45.515 INFO SchedulerThread.Seestar Alpha   overlap %     : 100
2024-10-12T07:14:45.516 INFO SchedulerThread.Seestar Alpha   gain          : 80
2024-10-12T07:14:45.517 INFO SchedulerThread.Seestar Alpha   use autofocus : False
2024-10-12T07:14:45.517 INFO SchedulerThread.Seestar Alpha   select panels : 
2024-10-12T07:14:45.519 INFO MosaicThread.Seestar Gamma mosaic goto for panel 11, to location (22.494027777777777, -20.837138888888887)
2024-10-12T07:14:45.520 INFO MosaicThread.Seestar Alpha mosaic goto for panel 11, to location (22.494027777777777, -20.837138888888887)
2024-10-12T07:14:45.600 INFO ALPReceiveMessageThread.Seestar Gamma Seestar Gamma received : {'Event': 'WheelMove', 'Timestamp': '10312.242173850', 'state': 'start'}
2024-10-12T07:14:45.601 INFO ALPReceiveMessageThread.Seestar Alpha Seestar Alpha received : {'Event': 'WheelMove', 'Timestamp': '10308.907241581', 'state': 'start'}
2024-10-12T07:14:46.037 INFO goto-target-thread.Seestar Alpha Seestar Alpha: going to target... Helix Nebula 22.494027777777777 -20.837138888888887, with dec offset 0
2024-10-12T07:14:46.040 INFO goto-target-thread.Seestar Alpha Seestar Alpha: sync to target... 22.5225 10.0 with dec_offset of 30.837138888888887
2024-10-12T07:14:46.052 INFO goto-target-thread.Seestar Gamma Seestar Gamma: going to target... Helix Nebula 22.494027777777777 -20.837138888888887, with dec offset 0
2024-10-12T07:14:46.054 INFO goto-target-thread.Seestar Gamma Seestar Gamma: sync to target... 21.666389 10.0 with dec_offset of 30.837138888888887
2024-10-12T07:14:46.431 INFO ALPReceiveMessageThread.Seestar Gamma Seestar Gamma received : {'Event': 'WheelMove', 'Timestamp': '10313.046729543', 'state': 'complete', 'position': 1}
2024-10-12T07:14:46.434 INFO ALPReceiveMessageThread.Seestar Alpha Seestar Alpha received : {'Event': 'WheelMove', 'Timestamp': '10309.713133185', 'state': 'complete', 'position': 1}
2024-10-12T07:14:45.990 INFO MosaicThread.Seestar Alpha Goto operation finished with result code: False
2024-10-12T07:14:46.013 INFO MosaicThread.Seestar Gamma Goto operation finished with result code: False
2024-10-12T07:14:47.511 INFO goto-target-thread.Seestar Alpha trying to go with explicit dec offset logic: 22.494027777777777 -20.837138888888887 30.837138888888887
2024-10-12T07:14:47.512 INFO goto-target-thread.Seestar Alpha Seestar Alpha: slew to 22.494027777777777, -20.837138888888887 with dec_offset of 30.837138888888887
2024-10-12T07:14:47.519 INFO goto-target-thread.Seestar Gamma trying to go with explicit dec offset logic: 22.494027777777777 -20.837138888888887 30.837138888888887
2024-10-12T07:14:47.520 INFO goto-target-thread.Seestar Gamma Seestar Gamma: slew to 22.494027777777777, -20.837138888888887 with dec_offset of 30.837138888888887
2024-10-12T07:14:48.995 INFO MosaicThread.Seestar Alpha Goto failed.
2024-10-12T07:14:48.996 INFO MosaicThread.Seestar Alpha Finished mosaic.
2024-10-12T07:14:49.014 INFO MosaicThread.Seestar Gamma Goto failed.
2024-10-12T07:14:49.014 INFO MosaicThread.Seestar Gamma Finished mosaic.
2024-10-12T07:14:49.688 INFO ALPReceiveMessageThread.Seestar Alpha Seestar Alpha received : {'Event': 'ScopeTrack', 'Timestamp': '10313.866089296', 'state': 'off', 'tracking': False, 'manual': False, 'route': []}
2024-10-12T07:14:49.786 INFO ALPReceiveMessageThread.Seestar Gamma Seestar Gamma received : {'Event': 'ScopeTrack', 'Timestamp': '10317.297536398', 'state': 'off', 'tracking': False, 'manual': False, 'route': []}
2024-10-12T07:14:50.015 INFO goto-target-thread.Seestar Alpha current event state: {'scheduler': {'schedule_id': '6b80cfe0-5c0b-4d5e-a0c3-ff75359c86e6', 'state': 'working', 'item_number': 1, 'cur_scheduler_item': {'type': 'mosaic', 'schedule_item_id': '31477805-0961-4824-89c2-321fc95c6d5f', 'target_name': 'Helix Nebula', 'action': 'complete', 'item_total_time_s': 1000, 'item_remaining_time_s': 0, 'cur_ra_panel_num': 1, 'cur_dec_panel_num': 1}, 'result': 0}, 'Version': {'Event': 'Version', 'Timestamp': '10258.320978739', 'name': 'ASI AIR imager', 'svr_ver_string': '1.0', 'svr_ver_int': 29, 'firmware_ver_int': 2253, 'firmware_ver_string': '2.53', 'is_verified': True}, 'WheelMove': {'Event': 'WheelMove', 'Timestamp': '10309.713133185', 'state': 'complete', 'position': 1}, 'goto_target': {'state': 'working'}, 'ScopeGoto': {'state': 'working'}, 'ScopeTrack': {'Event': 'ScopeTrack', 'Timestamp': '10313.866089296', 'state': 'off', 'tracking': False, 'manual': False, 'route': []}}
2024-10-12T07:14:50.021 INFO goto-target-thread.Seestar Gamma current event state: {'scheduler': {'schedule_id': 'a4259f78-2248-4776-8e01-b48d7bdcec95', 'state': 'working', 'item_number': 1, 'cur_scheduler_item': {'type': 'mosaic', 'schedule_item_id': '102d35e0-0c41-40a2-8fdf-77297e6081cf', 'target_name': 'Helix Nebula', 'action': 'complete', 'item_total_time_s': 1000, 'item_remaining_time_s': 0, 'cur_ra_panel_num': 1, 'cur_dec_panel_num': 1}, 'result': 0}, 'Version': {'Event': 'Version', 'Timestamp': '10261.757195987', 'name': 'ASI AIR imager', 'svr_ver_string': '1.0', 'svr_ver_int': 29, 'firmware_ver_int': 2253, 'firmware_ver_string': '2.53', 'is_verified': True}, 'WheelMove': {'Event': 'WheelMove', 'Timestamp': '10313.046729543', 'state': 'complete', 'position': 1}, 'goto_target': {'state': 'working'}, 'ScopeGoto': {'state': 'working'}, 'ScopeTrack': {'Event': 'ScopeTrack', 'Timestamp': '10317.297536398', 'state': 'off', 'tracking': False, 'manual': False, 'route': []}}
2024-10-12T07:14:50.497 WARNING SchedulerThread.Seestar Gamma Failed: mount is in goto routine.
2024-10-12T07:14:50.497 WARNING SchedulerThread.Seestar Alpha Failed: mount is in goto routine.
2024-10-12T07:14:50.498 INFO SchedulerThread.Seestar Gamma Scheduler finished.
2024-10-12T07:14:50.498 INFO SchedulerThread.Seestar Alpha Scheduler finished.
2024-10-12T07:14:50.498 INFO SchedulerThread.Seestar Gamma Seestar Gamma: playing sound...
2024-10-12T07:14:50.498 INFO SchedulerThread.Seestar Alpha Seestar Alpha: playing sound...
2024-10-12T07:14:56.543 INFO ALPReceiveMessageThread.Seestar Gamma Seestar Gamma received : {'Event': 'ScopeTrack', 'Timestamp': '10323.831395938', 'state': 'on', 'tracking': True, 'manual': False, 'route': []}
2024-10-12T07:14:56.644 INFO ALPReceiveMessageThread.Seestar Gamma Seestar Gamma received : {'Event': 'ScopeGoto', 'Timestamp': '10323.832025935', 'state': 'complete'}
2024-10-12T07:14:57.123 INFO ALPReceiveMessageThread.Seestar Alpha Seestar Alpha received : {'Event': 'ScopeTrack', 'Timestamp': '10321.055598588', 'state': 'on', 'tracking': True, 'manual': False, 'route': []}
2024-10-12T07:14:57.227 INFO ALPReceiveMessageThread.Seestar Alpha Seestar Alpha received : {'Event': 'ScopeGoto', 'Timestamp': '10321.057057498', 'state': 'complete'}
2024-10-12T07:14:58.528 INFO goto-dec-offset-thread.Seestar Alpha In auto center logic...
2024-10-12T07:14:58.552 INFO goto-dec-offset-thread.Seestar Gamma In auto center logic...
2024-10-12T07:14:59.591 INFO ALPReceiveMessageThread.Seestar Alpha Seestar Alpha received : {'Event': 'PlateSolve', 'Timestamp': '10323.446565432', 'state': 'working', 'lapse_ms': 0, 'route': []}
2024-10-12T07:14:59.593 INFO ALPReceiveMessageThread.Seestar Gamma Seestar Gamma received : {'Event': 'PlateSolve', 'Timestamp': '10326.784182647', 'state': 'working', 'lapse_ms': 0, 'route': []}
2024-10-12T07:14:59.692 INFO ALPReceiveMessageThread.Seestar Alpha Seestar Alpha received : {'Event': 'PlateSolve', 'Timestamp': '10323.447894843', 'page': 'focus', 'state': 'start'}
2024-10-12T07:14:59.694 INFO ALPReceiveMessageThread.Seestar Gamma Seestar Gamma received : {'Event': 'PlateSolve', 'Timestamp': '10326.784826061', 'page': 'focus', 'state': 'start'}
2024-10-12T07:15:00.774 INFO ALPReceiveMessageThread.Seestar Alpha Seestar Alpha received : {'Event': 'PiStatus', 'Timestamp': '10324.585392931', 'temp': 49.299999}
2024-10-12T07:15:00.825 INFO ALPReceiveMessageThread.Seestar Gamma Seestar Gamma received : {'Event': 'PiStatus', 'Timestamp': '10327.972027727', 'temp': 44.599998}
2024-10-12T07:15:01.804 INFO ALPReceiveMessageThread.Seestar Alpha Seestar Alpha received : {'Event': 'PlateSolve', 'Timestamp': '10325.584064911', 'page': 'focus', 'state': 'solving', 'star_number': 724}
2024-10-12T07:15:08.076 INFO ALPReceiveMessageThread.Seestar Gamma Seestar Gamma received : {'Event': 'PiStatus', 'Timestamp': '10334.991677919', 'temp': 46.400002}
2024-10-12T07:15:08.515 INFO ALPReceiveMessageThread.Seestar Gamma Seestar Gamma received : {'Event': 'PlateSolve', 'Timestamp': '10335.411854605', 'page': 'focus', 'state': 'solving', 'star_number': 2827}
2024-10-12T07:15:10.154 INFO ALPReceiveMessageThread.Seestar Gamma Seestar Gamma received : {'Event': 'PiStatus', 'Timestamp': '10336.997318593', 'temp': 45.0}
2024-10-12T07:15:19.686 INFO ALPReceiveMessageThread.Seestar Alpha Seestar Alpha received : {'Event': 'PiStatus', 'Timestamp': '10343.903730440', 'temp': 50.599998}
2024-10-12T07:15:20.727 INFO ALPReceiveMessageThread.Seestar Alpha Seestar Alpha received : {'Event': 'PiStatus', 'Timestamp': '10344.906667443', 'temp': 49.299999}
2024-10-12T07:15:24.644 INFO ALPReceiveMessageThread.Seestar Gamma Seestar Gamma received : {'Event': 'PiStatus', 'Timestamp': '10352.036895993', 'temp': 46.400002}
2024-10-12T07:15:30.054 INFO ALPReceiveMessageThread.Seestar Alpha Seestar Alpha received : {'Event': 'PiStatus', 'Timestamp': '10353.930634149', 'temp': 50.599998}
2024-10-12T07:15:30.613 INFO ALPReceiveMessageThread.Seestar Gamma Seestar Gamma received : {'Event': 'PlateSolve', 'Timestamp': '10357.813838634', 'page': 'focus', 'error': 'solve failed', 'code': 251, 'state': 'fail', 'result': {'star_number': 2827, 'duration_ms': 31028}}
2024-10-12T07:15:30.613 INFO ALPReceiveMessageThread.Seestar Gamma Plate Solve Failed
2024-10-12T07:15:30.649 WARNING goto-dec-offset-thread.Seestar Gamma Failed to plate solve current position, try # 1. Will try again.
2024-10-12T07:15:30.694 INFO ALPReceiveMessageThread.Seestar Alpha Seestar Alpha received : {'Event': 'PlateSolve', 'Timestamp': '10354.519515940', 'page': 'focus', 'error': 'solve failed', 'code': 251, 'state': 'fail', 'result': {'star_number': 724, 'duration_ms': 31071}}
2024-10-12T07:15:30.695 INFO ALPReceiveMessageThread.Seestar Alpha Plate Solve Failed
2024-10-12T07:15:30.695 INFO ALPReceiveMessageThread.Seestar Alpha Seestar Alpha received : {'Event': 'PlateSolve', 'Timestamp': '10354.520154103', 'state': 'fail', 'error': 'solve failed', 'code': 251, 'lapse_ms': 31074, 'route': []}
2024-10-12T07:15:30.695 INFO ALPReceiveMessageThread.Seestar Alpha Plate Solve Failed
2024-10-12T07:15:30.714 INFO ALPReceiveMessageThread.Seestar Gamma Seestar Gamma received : {'Event': 'PlateSolve', 'Timestamp': '10357.814692630', 'state': 'fail', 'error': 'solve failed', 'code': 251, 'lapse_ms': 31030, 'route': []}
2024-10-12T07:15:30.714 INFO ALPReceiveMessageThread.Seestar Gamma Plate Solve Failed
2024-10-12T07:15:31.093 INFO ALPReceiveMessageThread.Seestar Alpha Seestar Alpha received : {'Event': 'PiStatus', 'Timestamp': '10354.935937475', 'temp': 49.299999}
2024-10-12T07:15:31.555 WARNING goto-dec-offset-thread.Seestar Alpha Failed to plate solve current position, try # 1. Will try again.
2024-10-12T07:15:31.781 INFO ALPReceiveMessageThread.Seestar Gamma Seestar Gamma received : {'Event': 'PlateSolve', 'Timestamp': '10358.836107470', 'state': 'working', 'lapse_ms': 1, 'route': []}
2024-10-12T07:15:31.787 INFO ALPReceiveMessageThread.Seestar Gamma Seestar Gamma received : {'Event': 'PlateSolve', 'Timestamp': '10358.837839963', 'page': 'focus', 'state': 'start'}
2024-10-12T07:15:31.897 INFO ALPReceiveMessageThread.Seestar Gamma Seestar Gamma received : {'Event': 'PiStatus', 'Timestamp': '10359.055117399', 'temp': 45.0}
2024-10-12T07:15:32.622 INFO ALPReceiveMessageThread.Seestar Alpha Seestar Alpha received : {'Event': 'PlateSolve', 'Timestamp': '10356.419697735', 'state': 'working', 'lapse_ms': 0, 'route': []}
2024-10-12T07:15:32.722 INFO ALPReceiveMessageThread.Seestar Alpha Seestar Alpha received : {'Event': 'PlateSolve', 'Timestamp': '10356.420443524', 'page': 'focus', 'state': 'start'}
2024-10-12T07:15:33.970 INFO ALPReceiveMessageThread.Seestar Gamma Seestar Gamma received : {'Event': 'PiStatus', 'Timestamp': '10361.060760448', 'temp': 46.400002}
2024-10-12T07:15:34.822 INFO ALPReceiveMessageThread.Seestar Alpha Seestar Alpha received : {'Event': 'PlateSolve', 'Timestamp': '10358.543171526', 'page': 'focus', 'state': 'solving', 'star_number': 717}
2024-10-12T07:15:36.280 INFO ALPReceiveMessageThread.Seestar Alpha Seestar Alpha received : {'Event': 'PiStatus', 'Timestamp': '10359.954079017', 'temp': 50.599998}
2024-10-12T07:15:45.244 INFO ALPReceiveMessageThread.Seestar Gamma Seestar Gamma received : {'Event': 'PlateSolve', 'Timestamp': '10371.958197023', 'page': 'focus', 'state': 'solving', 'star_number': 2966}
2024-10-12T07:16:02.802 INFO ALPReceiveMessageThread.Seestar Gamma Seestar Gamma received : {'Event': 'PlateSolve', 'Timestamp': '10389.878439319', 'page': 'focus', 'error': 'solve failed', 'code': 251, 'state': 'fail', 'result': {'star_number': 2966, 'duration_ms': 31040}}
2024-10-12T07:16:02.808 INFO ALPReceiveMessageThread.Seestar Gamma Plate Solve Failed
2024-10-12T07:16:02.813 INFO ALPReceiveMessageThread.Seestar Gamma Seestar Gamma received : {'Event': 'PlateSolve', 'Timestamp': '10389.878900733', 'state': 'fail', 'error': 'solve failed', 'code': 251, 'lapse_ms': 31043, 'route': []}
2024-10-12T07:16:02.819 INFO ALPReceiveMessageThread.Seestar Gamma Plate Solve Failed
2024-10-12T07:16:03.323 INFO ALPReceiveMessageThread.Seestar Gamma Seestar Gamma received : {'Event': 'PiStatus', 'Timestamp': '10390.444039585', 'temp': 44.599998}
2024-10-12T07:16:03.682 INFO ALPReceiveMessageThread.Seestar Alpha Seestar Alpha received : {'Event': 'PlateSolve', 'Timestamp': '10387.455935985', 'page': 'focus', 'error': 'solve failed', 'code': 251, 'state': 'fail', 'result': {'star_number': 717, 'duration_ms': 31035}}
2024-10-12T07:16:03.682 INFO ALPReceiveMessageThread.Seestar Alpha Plate Solve Failed
2024-10-12T07:16:03.683 INFO ALPReceiveMessageThread.Seestar Alpha Seestar Alpha received : {'Event': 'PlateSolve', 'Timestamp': '10387.456740107', 'state': 'fail', 'error': 'solve failed', 'code': 251, 'lapse_ms': 31037, 'route': []}
2024-10-12T07:16:03.683 INFO ALPReceiveMessageThread.Seestar Alpha Plate Solve Failed
2024-10-12T07:16:03.725 WARNING goto-dec-offset-thread.Seestar Gamma Failed to plate solve current position, try # 2. Will try again.
2024-10-12T07:16:04.283 INFO ALPReceiveMessageThread.Seestar Alpha Seestar Alpha received : {'Event': 'PiStatus', 'Timestamp': '10388.038377845', 'temp': 48.900002}
2024-10-12T07:16:04.627 WARNING goto-dec-offset-thread.Seestar Alpha Failed to plate solve current position, try # 2. Will try again.
2024-10-12T07:16:04.833 INFO ALPReceiveMessageThread.Seestar Gamma Seestar Gamma received : {'Event': 'PlateSolve', 'Timestamp': '10391.910796294', 'state': 'working', 'lapse_ms': 0, 'route': []}
2024-10-12T07:16:04.937 INFO ALPReceiveMessageThread.Seestar Gamma Seestar Gamma received : {'Event': 'PlateSolve', 'Timestamp': '10391.912137080', 'page': 'focus', 'state': 'start'}
2024-10-12T07:16:05.668 INFO ALPReceiveMessageThread.Seestar Alpha Seestar Alpha received : {'Event': 'PlateSolve', 'Timestamp': '10389.381477880', 'state': 'working', 'lapse_ms': 0, 'route': []}
2024-10-12T07:16:05.668 INFO ALPReceiveMessageThread.Seestar Alpha Seestar Alpha received : {'Event': 'PlateSolve', 'Timestamp': '10389.382552959', 'page': 'focus', 'state': 'start'}
2024-10-12T07:16:07.391 INFO ALPReceiveMessageThread.Seestar Alpha Seestar Alpha received : {'Event': 'PiStatus', 'Timestamp': '10391.050753131', 'temp': 50.200001}
2024-10-12T07:16:07.465 INFO ALPReceiveMessageThread.Seestar Gamma Seestar Gamma received : {'Event': 'PiStatus', 'Timestamp': '10394.455568015', 'temp': 45.900002}
2024-10-12T07:16:07.862 INFO ALPReceiveMessageThread.Seestar Alpha Seestar Alpha received : {'Event': 'PlateSolve', 'Timestamp': '10391.502160182', 'page': 'focus', 'state': 'solving', 'star_number': 720}
2024-10-12T07:16:18.912 INFO ALPReceiveMessageThread.Seestar Gamma Seestar Gamma received : {'Event': 'PlateSolve', 'Timestamp': '10405.536617005', 'page': 'focus', 'state': 'solving', 'star_number': 2841}
2024-10-12T07:16:35.414 INFO ALPReceiveMessageThread.Seestar Gamma Seestar Gamma received : {'Event': 'PiStatus', 'Timestamp': '10422.540218217', 'temp': 47.299999}
2024-10-12T07:16:35.863 INFO ALPReceiveMessageThread.Seestar Gamma Seestar Gamma received : {'Event': 'PlateSolve', 'Timestamp': '10422.974958631', 'page': 'focus', 'error': 'solve failed', 'code': 251, 'state': 'fail', 'result': {'star_number': 2841, 'duration_ms': 31062}}
2024-10-12T07:16:35.863 INFO ALPReceiveMessageThread.Seestar Gamma Plate Solve Failed
2024-10-12T07:16:35.967 INFO ALPReceiveMessageThread.Seestar Gamma Seestar Gamma received : {'Event': 'PlateSolve', 'Timestamp': '10422.975425296', 'state': 'fail', 'error': 'solve failed', 'code': 251, 'lapse_ms': 31065, 'route': []}
2024-10-12T07:16:35.968 INFO ALPReceiveMessageThread.Seestar Gamma Plate Solve Failed
2024-10-12T07:16:36.460 INFO ALPReceiveMessageThread.Seestar Gamma Seestar Gamma received : {'Event': 'PiStatus', 'Timestamp': '10423.547719033', 'temp': 44.599998}
2024-10-12T07:16:36.721 INFO ALPReceiveMessageThread.Seestar Alpha Seestar Alpha received : {'Event': 'PlateSolve', 'Timestamp': '10420.461889731', 'page': 'focus', 'error': 'solve failed', 'code': 251, 'state': 'fail', 'result': {'star_number': 720, 'duration_ms': 31078}}
2024-10-12T07:16:36.722 INFO ALPReceiveMessageThread.Seestar Alpha Plate Solve Failed
2024-10-12T07:16:36.763 WARNING goto-dec-offset-thread.Seestar Gamma Failed to plate solve current position, try # 3. Will try again.
2024-10-12T07:16:36.826 INFO ALPReceiveMessageThread.Seestar Alpha Seestar Alpha received : {'Event': 'PlateSolve', 'Timestamp': '10420.462499603', 'state': 'fail', 'error': 'solve failed', 'code': 251, 'lapse_ms': 31081, 'route': []}
2024-10-12T07:16:36.826 INFO ALPReceiveMessageThread.Seestar Alpha Plate Solve Failed
2024-10-12T07:16:37.697 WARNING goto-dec-offset-thread.Seestar Alpha Failed to plate solve current position, try # 3. Will try again.
2024-10-12T07:16:37.704 INFO ALPReceiveMessageThread.Seestar Alpha Seestar Alpha received : {'Event': 'PiStatus', 'Timestamp': '10421.418309393', 'temp': 48.900002}
2024-10-12T07:16:37.827 INFO ALPReceiveMessageThread.Seestar Gamma Seestar Gamma received : {'Event': 'PlateSolve', 'Timestamp': '10424.825762307', 'state': 'working', 'lapse_ms': 0, 'route': []}
2024-10-12T07:16:37.828 INFO ALPReceiveMessageThread.Seestar Gamma Seestar Gamma received : {'Event': 'PlateSolve', 'Timestamp': '10424.826684553', 'page': 'focus', 'state': 'start'}
2024-10-12T07:16:38.890 INFO ALPReceiveMessageThread.Seestar Alpha Seestar Alpha received : {'Event': 'PlateSolve', 'Timestamp': '10422.468331359', 'state': 'working', 'lapse_ms': 0, 'route': []}
2024-10-12T07:16:38.890 INFO ALPReceiveMessageThread.Seestar Alpha Seestar Alpha received : {'Event': 'PlateSolve', 'Timestamp': '10422.469920353', 'page': 'focus', 'state': 'start'}
2024-10-12T07:16:39.568 INFO ALPReceiveMessageThread.Seestar Gamma Seestar Gamma received : {'Event': 'PiStatus', 'Timestamp': '10426.557810829', 'temp': 45.900002}
2024-10-12T07:16:39.787 INFO ALPReceiveMessageThread.Seestar Alpha Seestar Alpha received : {'Event': 'PiStatus', 'Timestamp': '10423.428312756', 'temp': 50.200001}
2024-10-12T07:16:40.969 INFO ALPReceiveMessageThread.Seestar Alpha Seestar Alpha received : {'Event': 'PlateSolve', 'Timestamp': '10424.576170717', 'page': 'focus', 'state': 'solving', 'star_number': 576}
2024-10-12T07:16:50.980 INFO ALPReceiveMessageThread.Seestar Gamma Seestar Gamma received : {'Event': 'PiStatus', 'Timestamp': '10438.596780017', 'temp': 47.299999}
2024-10-12T07:16:52.382 INFO ALPReceiveMessageThread.Seestar Gamma Seestar Gamma received : {'Event': 'PlateSolve', 'Timestamp': '10439.957027852', 'page': 'focus', 'state': 'solving', 'star_number': 2783}
2024-10-12T07:17:03.654 INFO ALPReceiveMessageThread.Seestar Gamma Seestar Gamma received : {'Event': 'PiStatus', 'Timestamp': '10450.874524882', 'temp': 45.900002}
2024-10-12T07:17:08.812 INFO ALPReceiveMessageThread.Seestar Gamma Seestar Gamma received : {'Event': 'PlateSolve', 'Timestamp': '10455.855059087', 'page': 'focus', 'error': 'solve failed', 'code': 251, 'state': 'fail', 'result': {'star_number': 2783, 'duration_ms': 31027}}
2024-10-12T07:17:08.812 INFO ALPReceiveMessageThread.Seestar Gamma Plate Solve Failed
2024-10-12T07:17:08.914 INFO ALPReceiveMessageThread.Seestar Gamma Seestar Gamma received : {'Event': 'PlateSolve', 'Timestamp': '10455.856067957', 'state': 'fail', 'error': 'solve failed', 'code': 251, 'lapse_ms': 31030, 'route': []}
2024-10-12T07:17:08.914 INFO ALPReceiveMessageThread.Seestar Gamma Plate Solve Failed
2024-10-12T07:17:09.813 WARNING goto-dec-offset-thread.Seestar Gamma Failed to plate solve current position, try # 4. Will try again.
2024-10-12T07:17:09.913 INFO ALPReceiveMessageThread.Seestar Alpha Seestar Alpha received : {'Event': 'PlateSolve', 'Timestamp': '10453.511473913', 'page': 'focus', 'error': 'solve failed', 'code': 251, 'state': 'fail', 'result': {'star_number': 576, 'duration_ms': 31041}}
2024-10-12T07:17:09.913 INFO ALPReceiveMessageThread.Seestar Alpha Plate Solve Failed
2024-10-12T07:17:09.913 INFO ALPReceiveMessageThread.Seestar Alpha Seestar Alpha received : {'Event': 'PlateSolve', 'Timestamp': '10453.512031869', 'state': 'fail', 'error': 'solve failed', 'code': 251, 'lapse_ms': 31043, 'route': []}
2024-10-12T07:17:09.914 INFO ALPReceiveMessageThread.Seestar Alpha Plate Solve Failed
2024-10-12T07:17:10.741 WARNING goto-dec-offset-thread.Seestar Alpha Failed to plate solve current position, try # 4. Will try again.
2024-10-12T07:17:10.881 INFO ALPReceiveMessageThread.Seestar Gamma Seestar Gamma received : {'Event': 'PlateSolve', 'Timestamp': '10457.857788773', 'state': 'working', 'lapse_ms': 0, 'route': []}
2024-10-12T07:17:10.882 INFO ALPReceiveMessageThread.Seestar Gamma Seestar Gamma received : {'Event': 'PlateSolve', 'Timestamp': '10457.858423729', 'page': 'focus', 'state': 'start'}
2024-10-12T07:17:11.937 INFO ALPReceiveMessageThread.Seestar Alpha Seestar Alpha received : {'Event': 'PlateSolve', 'Timestamp': '10455.441865537', 'state': 'working', 'lapse_ms': 0, 'route': []}
2024-10-12T07:17:11.938 INFO ALPReceiveMessageThread.Seestar Alpha Seestar Alpha received : {'Event': 'PlateSolve', 'Timestamp': '10455.443473196', 'page': 'focus', 'state': 'start'}
2024-10-12T07:17:14.021 INFO ALPReceiveMessageThread.Seestar Alpha Seestar Alpha received : {'Event': 'PlateSolve', 'Timestamp': '10457.548638357', 'page': 'focus', 'state': 'solving', 'star_number': 593}
2024-10-12T07:17:26.525 INFO ALPReceiveMessageThread.Seestar Gamma Seestar Gamma received : {'Event': 'PlateSolve', 'Timestamp': '10474.017143963', 'page': 'focus', 'state': 'solving', 'star_number': 2670}
2024-10-12T07:17:30.609 INFO ALPReceiveMessageThread.Seestar Gamma Seestar Gamma received : {'Event': 'PiStatus', 'Timestamp': '10477.949400610', 'temp': 47.299999}
2024-10-12T07:17:36.814 INFO ALPReceiveMessageThread.Seestar Gamma Seestar Gamma received : {'Event': 'PiStatus', 'Timestamp': '10483.964122016', 'temp': 45.900002}
2024-10-12T07:17:41.948 INFO ALPReceiveMessageThread.Seestar Gamma Seestar Gamma received : {'Event': 'PlateSolve', 'Timestamp': '10488.928223500', 'page': 'focus', 'error': 'solve failed', 'code': 251, 'state': 'fail', 'result': {'star_number': 2670, 'duration_ms': 31070}}
2024-10-12T07:17:41.948 INFO ALPReceiveMessageThread.Seestar Gamma Plate Solve Failed
2024-10-12T07:17:41.948 INFO ALPReceiveMessageThread.Seestar Gamma Seestar Gamma received : {'Event': 'PlateSolve', 'Timestamp': '10488.929029955', 'state': 'fail', 'error': 'solve failed', 'code': 251, 'lapse_ms': 31071, 'route': []}
2024-10-12T07:17:41.949 INFO ALPReceiveMessageThread.Seestar Gamma Plate Solve Failed
2024-10-12T07:17:42.276 INFO ALPReceiveMessageThread.Seestar Alpha Seestar Alpha received : {'Event': 'PiStatus', 'Timestamp': '10485.913902472', 'temp': 51.5}
2024-10-12T07:17:42.829 WARNING goto-dec-offset-thread.Seestar Gamma Failed to plate solve current position, try # 5. Will try again.
2024-10-12T07:17:42.880 INFO ALPReceiveMessageThread.Seestar Alpha Seestar Alpha received : {'Event': 'PlateSolve', 'Timestamp': '10486.497407995', 'page': 'focus', 'error': 'solve failed', 'code': 251, 'state': 'fail', 'result': {'star_number': 593, 'duration_ms': 31053}}
2024-10-12T07:17:42.881 INFO ALPReceiveMessageThread.Seestar Alpha Plate Solve Failed
2024-10-12T07:17:42.881 INFO ALPReceiveMessageThread.Seestar Alpha Seestar Alpha received : {'Event': 'PlateSolve', 'Timestamp': '10486.498000075', 'state': 'fail', 'error': 'solve failed', 'code': 251, 'lapse_ms': 31056, 'route': []}
2024-10-12T07:17:42.881 INFO ALPReceiveMessageThread.Seestar Alpha Plate Solve Failed
2024-10-12T07:17:43.321 INFO ALPReceiveMessageThread.Seestar Alpha Seestar Alpha received : {'Event': 'PiStatus', 'Timestamp': '10486.919715671', 'temp': 49.799999}
2024-10-12T07:17:43.757 WARNING goto-dec-offset-thread.Seestar Alpha Failed to plate solve current position, try # 5. Will try again.
2024-10-12T07:17:44.014 INFO ALPReceiveMessageThread.Seestar Gamma Seestar Gamma received : {'Event': 'PlateSolve', 'Timestamp': '10490.831256742', 'state': 'working', 'lapse_ms': 0, 'route': []}
2024-10-12T07:17:44.014 INFO ALPReceiveMessageThread.Seestar Gamma Seestar Gamma received : {'Event': 'PlateSolve', 'Timestamp': '10490.832682111', 'page': 'focus', 'state': 'start'}
2024-10-12T07:17:44.964 INFO ALPReceiveMessageThread.Seestar Alpha Seestar Alpha received : {'Event': 'PlateSolve', 'Timestamp': '10488.502368963', 'state': 'working', 'lapse_ms': 0, 'route': []}
2024-10-12T07:17:44.964 INFO ALPReceiveMessageThread.Seestar Alpha Seestar Alpha received : {'Event': 'PlateSolve', 'Timestamp': '10488.503302001', 'page': 'focus', 'state': 'start'}
2024-10-12T07:17:47.128 INFO ALPReceiveMessageThread.Seestar Alpha Seestar Alpha received : {'Event': 'PlateSolve', 'Timestamp': '10490.606579753', 'page': 'focus', 'state': 'solving', 'star_number': 605}
2024-10-12T07:17:56.459 INFO ALPReceiveMessageThread.Seestar Gamma Seestar Gamma received : {'Event': 'PlateSolve', 'Timestamp': '10503.993868079', 'page': 'focus', 'state': 'solving', 'star_number': 2718}
2024-10-12T07:17:57.808 INFO ALPReceiveMessageThread.Seestar Alpha Seestar Alpha received : {'Event': 'PiStatus', 'Timestamp': '10501.961056605', 'temp': 51.099998}
2024-10-12T07:18:09.216 INFO ALPReceiveMessageThread.Seestar Gamma Seestar Gamma received : {'Event': 'PiStatus', 'Timestamp': '10516.324349550', 'temp': 47.299999}
2024-10-12T07:18:13.359 INFO ALPReceiveMessageThread.Seestar Gamma Seestar Gamma received : {'Event': 'PiStatus', 'Timestamp': '10520.336778309', 'temp': 45.900002}
2024-10-12T07:18:14.397 INFO ALPReceiveMessageThread.Seestar Gamma Seestar Gamma received : {'Event': 'PiStatus', 'Timestamp': '10521.339276356', 'temp': 47.299999}
2024-10-12T07:18:14.980 INFO ALPReceiveMessageThread.Seestar Gamma Seestar Gamma received : {'Event': 'PlateSolve', 'Timestamp': '10521.903201505', 'page': 'focus', 'error': 'solve failed', 'code': 251, 'state': 'fail', 'result': {'star_number': 2718, 'duration_ms': 31070}}
2024-10-12T07:18:14.980 INFO ALPReceiveMessageThread.Seestar Gamma Plate Solve Failed
2024-10-12T07:18:14.981 INFO ALPReceiveMessageThread.Seestar Gamma Seestar Gamma received : {'Event': 'PlateSolve', 'Timestamp': '10521.903644836', 'state': 'fail', 'error': 'solve failed', 'code': 251, 'lapse_ms': 31072, 'route': []}
2024-10-12T07:18:14.981 INFO ALPReceiveMessageThread.Seestar Gamma Plate Solve Failed
2024-10-12T07:18:15.437 INFO ALPReceiveMessageThread.Seestar Gamma Seestar Gamma received : {'Event': 'PiStatus', 'Timestamp': '10522.345563178', 'temp': 45.0}
2024-10-12T07:18:15.870 WARNING goto-dec-offset-thread.Seestar Gamma Failed to plate solve current position, try # 6. Will try again.
2024-10-12T07:18:16.003 INFO ALPReceiveMessageThread.Seestar Alpha Seestar Alpha received : {'Event': 'PlateSolve', 'Timestamp': '10519.555424932', 'page': 'focus', 'error': 'solve failed', 'code': 251, 'state': 'fail', 'result': {'star_number': 605, 'duration_ms': 31052}}
2024-10-12T07:18:16.003 INFO ALPReceiveMessageThread.Seestar Alpha Plate Solve Failed
2024-10-12T07:18:16.003 INFO ALPReceiveMessageThread.Seestar Alpha Seestar Alpha received : {'Event': 'PlateSolve', 'Timestamp': '10519.556335803', 'state': 'fail', 'error': 'solve failed', 'code': 251, 'lapse_ms': 31054, 'route': []}
2024-10-12T07:18:16.003 INFO ALPReceiveMessageThread.Seestar Alpha Plate Solve Failed
2024-10-12T07:18:16.805 INFO ALPReceiveMessageThread.Seestar Alpha Seestar Alpha received : {'Event': 'PiStatus', 'Timestamp': '10520.335018358', 'temp': 49.799999}
2024-10-12T07:18:16.851 WARNING goto-dec-offset-thread.Seestar Alpha Failed to plate solve current position, try # 6. Will try again.
2024-10-12T07:18:16.940 INFO ALPReceiveMessageThread.Seestar Gamma Seestar Gamma received : {'Event': 'PlateSolve', 'Timestamp': '10523.804392713', 'state': 'working', 'lapse_ms': 0, 'route': []}
2024-10-12T07:18:17.043 INFO ALPReceiveMessageThread.Seestar Gamma Seestar Gamma received : {'Event': 'PlateSolve', 'Timestamp': '10523.805344709', 'page': 'focus', 'state': 'start'}
2024-10-12T07:18:17.994 INFO ALPReceiveMessageThread.Seestar Alpha Seestar Alpha received : {'Event': 'PlateSolve', 'Timestamp': '10521.385039824', 'state': 'working', 'lapse_ms': 1, 'route': []}
2024-10-12T07:18:17.994 INFO ALPReceiveMessageThread.Seestar Alpha Seestar Alpha received : {'Event': 'PlateSolve', 'Timestamp': '10521.387212440', 'page': 'focus', 'state': 'start'}
2024-10-12T07:18:19.582 INFO ALPReceiveMessageThread.Seestar Gamma Seestar Gamma received : {'Event': 'PiStatus', 'Timestamp': '10526.356730443', 'temp': 46.400002}
2024-10-12T07:18:20.085 INFO ALPReceiveMessageThread.Seestar Alpha Seestar Alpha received : {'Event': 'PlateSolve', 'Timestamp': '10523.508157783', 'page': 'focus', 'state': 'solving', 'star_number': 572}
2024-10-12T07:18:24.067 INFO ALPReceiveMessageThread.Seestar Alpha Seestar Alpha received : {'Event': 'PiStatus', 'Timestamp': '10528.377896174', 'temp': 51.099998}
2024-10-12T07:18:30.487 INFO ALPReceiveMessageThread.Seestar Gamma Seestar Gamma received : {'Event': 'PlateSolve', 'Timestamp': '10537.929874975', 'page': 'focus', 'state': 'solving', 'star_number': 2796}
2024-10-12T07:18:47.972 INFO ALPReceiveMessageThread.Seestar Gamma Seestar Gamma received : {'Event': 'PlateSolve', 'Timestamp': '10554.841059377', 'page': 'focus', 'error': 'solve failed', 'code': 251, 'state': 'fail', 'result': {'star_number': 2796, 'duration_ms': 31035}}
2024-10-12T07:18:47.973 INFO ALPReceiveMessageThread.Seestar Gamma Plate Solve Failed
2024-10-12T07:18:47.973 INFO ALPReceiveMessageThread.Seestar Gamma Seestar Gamma received : {'Event': 'PlateSolve', 'Timestamp': '10554.841789416', 'state': 'fail', 'error': 'solve failed', 'code': 251, 'lapse_ms': 31037, 'route': []}
2024-10-12T07:18:47.973 INFO ALPReceiveMessageThread.Seestar Gamma Plate Solve Failed
2024-10-12T07:18:48.593 INFO ALPReceiveMessageThread.Seestar Gamma Seestar Gamma received : {'Event': 'PiStatus', 'Timestamp': '10555.442355656', 'temp': 45.0}
2024-10-12T07:18:48.946 WARNING goto-dec-offset-thread.Seestar Gamma auto center failed after 6 tries.
2024-10-12T07:18:49.003 INFO ALPReceiveMessageThread.Seestar Alpha Seestar Alpha received : {'Event': 'PlateSolve', 'Timestamp': '10552.451267653', 'page': 'focus', 'error': 'solve failed', 'code': 251, 'state': 'fail', 'result': {'star_number': 572, 'duration_ms': 31063}}
2024-10-12T07:18:49.004 INFO ALPReceiveMessageThread.Seestar Alpha Plate Solve Failed
2024-10-12T07:18:49.004 INFO ALPReceiveMessageThread.Seestar Alpha Seestar Alpha received : {'Event': 'PlateSolve', 'Timestamp': '10552.451709818', 'state': 'fail', 'error': 'solve failed', 'code': 251, 'lapse_ms': 31067, 'route': []}
2024-10-12T07:18:49.004 INFO ALPReceiveMessageThread.Seestar Alpha Plate Solve Failed
2024-10-12T07:18:49.981 INFO ALPReceiveMessageThread.Seestar Alpha Seestar Alpha received : {'Event': 'PiStatus', 'Timestamp': '10553.445260778', 'temp': 49.299999}
2024-10-12T07:18:49.996 WARNING goto-dec-offset-thread.Seestar Alpha auto center failed after 6 tries.
2024-10-12T07:18:55.886 INFO ALPReceiveMessageThread.Seestar Gamma Seestar Gamma received : {'Event': 'PiStatus', 'Timestamp': '10562.495684995', 'temp': 43.700001}
2024-10-12T07:19:18.334 INFO ALPReceiveMessageThread.Seestar Alpha Seestar Alpha received : {'Event': 'PiStatus', 'Timestamp': '10581.883007705', 'temp': 48.0}
2024-10-12T07:20:14.749 INFO ALPReceiveMessageThread.Seestar Alpha Seestar Alpha received : {'Event': 'PiStatus', 'Timestamp': '10638.501777126', 'temp': 49.299999}
2024-10-12T07:20:15.788 INFO ALPReceiveMessageThread.Seestar Alpha Seestar Alpha received : {'Event': 'PiStatus', 'Timestamp': '10639.505393210', 'temp': 48.0}
2024-10-12T07:21:28.823 INFO ALPReceiveMessageThread.Seestar Alpha Seestar Alpha received : {'Event': 'PiStatus', 'Timestamp': '10712.194904619', 'temp': 49.299999}
2024-10-12T07:21:29.869 INFO ALPReceiveMessageThread.Seestar Alpha Seestar Alpha received : {'Event': 'PiStatus', 'Timestamp': '10713.205807755', 'temp': 47.5}
